Build started 4/17/2015 3:44:45 PM.
     1>Project "C:\Users\shayo\Dropbox (MIT)\Code\Waveform Reshaping code\Camera\ISwrapper\ISwrapper.vcxproj" on node 2 (Rebuild target(s)).
     1>ClCompile:
         C:\Program Files (x86)\Microsoft Visual Studio 11.0\VC\bin\x86_amd64\CL.exe /c /IC:\MATLAB\R2014a_x64\extern\include /I"../The Imaging Source/C Code/include/" /Zi /nologo /W3 /WX- /O2 /Ob1 /D MX_COMPAT_32 /D WIN32 /D NDEBUG /D _WINDOWS /D _USRDLL /D SELECTLABELS_EXPORTS /D _VC80_UPGRADE=0x0600 /D _WINDLL /D _MBCS /GF /Gm- /EHsc /MT /GS /Gy /fp:precise /Zc:wchar_t /Zc:forScope /Fo".\x64\Release\\" /Fd".\x64\Release\vc110.pdb" /Gd /TP /errorReport:prompt ISwrapper.cpp
         ISwrapper.cpp
     1>ISwrapper.cpp(227): warning C4244: '=' : conversion from 'double' to 'float', possible loss of data
     1>ISwrapper.cpp(307): warning C4267: 'initializing' : conversion from 'size_t' to 'int', possible loss of data
     1>ISwrapper.cpp(331): warning C4267: 'initializing' : conversion from 'size_t' to 'int', possible loss of data
     1>ISwrapper.cpp(348): warning C4244: 'initializing' : conversion from 'double' to 'int', possible loss of data
     1>ISwrapper.cpp(350): warning C4267: 'initializing' : conversion from 'size_t' to 'int', possible loss of data
     1>ISwrapper.cpp(397): warning C4267: 'initializing' : conversion from 'size_t' to 'int', possible loss of data
     1>ISwrapper.cpp(777): warning C4244: 'initializing' : conversion from 'double' to 'float', possible loss of data
     1>ISwrapper.cpp(786): warning C4244: 'initializing' : conversion from 'double' to 'float', possible loss of data
     1>ISwrapper.cpp(829): warning C4244: 'initializing' : conversion from 'double' to 'float', possible loss of data
     1>C:\Program Files (x86)\MSBuild\Microsoft.Cpp\v4.0\V110\Microsoft.CppBuild.targets(1137,5): warning MSB8012: TargetPath(C:\Users\shayo\Dropbox (MIT)\Code\Waveform Reshaping code\Camera\ISwrapper\x64\Release\ISwrapper.dll) does not match the Linker's OutputFile property value (C:\Users\shayo\Dropbox (MIT)\Code\Waveform Reshaping code\MEX\x64\ISwrapper.mexw64). This may cause your project to build incorrectly. To correct this, please make sure that $(OutDir), $(TargetName) and $(TargetExt) property values match the value specified in %(Link.OutputFile).
     1>C:\Program Files (x86)\MSBuild\Microsoft.Cpp\v4.0\V110\Microsoft.CppBuild.targets(1138,5): warning MSB8012: TargetExt(.dll) does not match the Linker's OutputFile property value (.mexw64). This may cause your project to build incorrectly. To correct this, please make sure that $(OutDir), $(TargetName) and $(TargetExt) property values match the value specified in %(Link.OutputFile).
       Link:
         C:\Program Files (x86)\Microsoft Visual Studio 11.0\VC\bin\x86_amd64\link.exe /ERRORREPORT:PROMPT /OUT:"..\..\MEX\x64\ISwrapper.mexw64" /INCREMENTAL:NO /NOLOGO /LIBPATH:C:\MATLAB\R2014a_x64\extern\lib\win64\microsoft /LIBPATH:"../The Imaging Source/C Code/bin/x64" odbc32.lib odbccp32.lib libmx.lib libmex.lib tisgrabber_x64.lib kernel32.lib user32.lib gdi32.lib winspool.lib comdlg32.lib advapi32.lib shell32.lib ole32.lib oleaut32.lib uuid.lib odbc32.lib odbccp32.lib /DEF:".\ISwrapper.def" /MANIFEST /MANIFESTUAC:"level='asInvoker' uiAccess='false'" /manifest:embed /PDB:".\x64\Release\fndllISwrapper.pdb" /TLBID:1 /DYNAMICBASE:NO /IMPLIB:"x64\Release\ISwrapper.lib" /MACHINE:X64 /DLL .\x64\Release\ISwrapper.obj
            Creating library x64\Release\ISwrapper.lib and object x64\Release\ISwrapper.exp
         ISwrapper.vcxproj -> C:\Users\shayo\Dropbox (MIT)\Code\Waveform Reshaping code\Camera\ISwrapper\x64\Release\ISwrapper.dll
     1>Done Building Project "C:\Users\shayo\Dropbox (MIT)\Code\Waveform Reshaping code\Camera\ISwrapper\ISwrapper.vcxproj" (Rebuild target(s)).

Build succeeded.

Time Elapsed 00:00:00.57
